2020-03-24 10:06:53,507 [main] INFO HRM System - *****Launching the browser*****
2020-03-24 10:06:55,224 [main] INFO HRM System - *****entering credentials*****
2020-03-24 10:06:55,551 [main] INFO HRM System - *****login process started*****
2020-03-24 10:07:02,196 [main] INFO HRM System - *****navigate to employee adding page*****
2020-03-24 10:07:03,858 [main] INFO HRM System - *****Employee added and saved to database with creditentials*****
2020-03-24 10:07:44,732 [main] INFO HRM System - *****Go back to welcome menu*****
2020-03-24 10:07:44,918 [main] INFO HRM System - *****logout process started*****
2020-03-24 10:07:45,634 [main] INFO HRM System - *****driver closed*****
2020-03-24 10:07:54,919 [main] INFO HRM System - *****Launching the browser*****
2020-03-24 10:08:01,463 [main] INFO HRM System - *****entering credentials*****
2020-03-24 10:08:01,798 [main] INFO HRM System - *****login process started*****
2020-03-24 10:08:11,438 [main] INFO HRM System - *****go to employee list*****
2020-03-24 10:08:13,790 [main] INFO HRM System - *****enter employee name to search*****
2020-03-24 10:08:27,466 [main] INFO HRM System - *****welcome menu to searck employee*****
2020-03-24 10:08:27,803 [main] INFO HRM System - *****logout process started*****
2020-03-24 10:08:28,807 [main] INFO HRM System - *****driver closed*****
2020-03-24 10:08:37,186 [main] INFO HRM System - *****Launching the browser*****
2020-03-24 10:08:41,386 [main] INFO HRM System - *****entering credentials*****
2020-03-24 10:08:41,754 [main] INFO HRM System - *****login process started*****
2020-03-24 10:08:48,085 [main] INFO HRM System - *****clicked the welcome menu*****
2020-03-24 10:08:48,264 [main] INFO HRM System - *****logout process started*****
2020-03-24 10:08:49,130 [main] INFO HRM System - *****driver closed*****
2020-03-24 10:08:56,860 [main] INFO HRM System - *****Launching the browser*****
2020-03-24 10:09:06,880 [main] INFO HRM System - *****entering credentials*****
2020-03-24 10:09:07,152 [main] INFO HRM System - *****login process started*****
2020-03-24 10:09:16,793 [main] INFO HRM System - *****clicked the welcome menu*****
2020-03-24 10:09:17,088 [main] INFO HRM System - *****logout process started*****
2020-03-24 10:09:17,844 [main] INFO HRM System - *****driver closed*****
2020-03-24 10:09:25,412 [main] INFO HRM System - *****Launching the browser*****
2020-03-24 10:09:31,717 [main] INFO HRM System - *****entering credentials*****
2020-03-24 10:09:32,089 [main] INFO HRM System - *****login process started*****
2020-03-24 10:09:36,072 [main] INFO HRM System - *****clicked the welcome menu*****
2020-03-24 10:21:02,192 [main] INFO HRM System - *****Launching the browser*****
2020-03-24 10:21:03,962 [main] INFO HRM System - *****entering credentials*****
2020-03-24 10:21:04,312 [main] INFO HRM System - *****login process started*****
2020-03-24 10:21:09,484 [main] INFO HRM System - *****navigate to employee adding page*****
2020-03-24 10:21:10,918 [main] INFO HRM System - *****Employee added and saved to database with credentials*****
2020-03-24 10:21:53,396 [main] INFO HRM System - *****Go back to welcome menu*****
2020-03-24 10:21:53,898 [main] INFO HRM System - *****logout process started*****
2020-03-24 10:21:55,903 [main] INFO HRM System - *****driver closed*****
2020-03-24 10:22:05,910 [main] INFO HRM System - *****Launching the browser*****
2020-03-24 10:22:08,172 [main] INFO HRM System - *****entering credentials*****
2020-03-24 10:22:10,027 [main] INFO HRM System - *****login process started*****
2020-03-24 10:22:16,067 [main] INFO HRM System - *****go to employee list*****
2020-03-24 10:22:24,944 [main] INFO HRM System - *****Launching the browser*****
2020-03-24 10:22:32,785 [main] INFO HRM System - *****entering credentials*****
2020-03-24 10:22:34,013 [main] INFO HRM System - *****login process started*****
2020-03-24 10:22:41,007 [main] INFO HRM System - *****clicked the welcome menu*****
2020-03-24 10:22:41,212 [main] INFO HRM System - *****logout process started*****
2020-03-24 10:22:42,312 [main] INFO HRM System - *****driver closed*****
2020-03-24 10:22:49,741 [main] INFO HRM System - *****Launching the browser*****
2020-03-24 10:22:52,675 [main] INFO HRM System - *****entering credentials*****
2020-03-24 10:22:53,252 [main] INFO HRM System - *****login process started*****
2020-03-24 10:22:59,170 [main] INFO HRM System - *****clicked the welcome menu*****
2020-03-24 10:22:59,393 [main] INFO HRM System - *****logout process started*****
2020-03-24 10:23:00,213 [main] INFO HRM System - *****driver closed*****
2020-03-24 10:23:06,656 [main] INFO HRM System - *****Launching the browser*****
2020-03-24 10:23:08,888 [main] INFO HRM System - *****entering credentials*****
2020-03-24 10:23:09,488 [main] INFO HRM System - *****login process started*****
2020-03-24 10:23:13,558 [main] INFO HRM System - *****clicked the welcome menu*****
2020-03-24 10:25:38,351 [main] INFO HRM System - *****Launching the browser*****
2020-03-24 10:25:41,396 [main] INFO HRM System - *****entering credentials*****
2020-03-24 10:25:41,843 [main] INFO HRM System - *****login process started*****
2020-03-24 10:25:47,141 [main] INFO HRM System - *****navigate to employee adding page*****
2020-03-24 10:25:48,489 [main] INFO HRM System - *****Employee added and saved to database with credentials*****
2020-03-24 10:26:24,855 [main] INFO HRM System - *****Launching the browser*****
2020-03-24 10:26:27,824 [main] INFO HRM System - *****entering credentials*****
2020-03-24 10:26:28,206 [main] INFO HRM System - *****login process started*****
2020-03-24 10:26:34,192 [main] INFO HRM System - *****go to employee list*****
2020-03-24 10:27:08,719 [main] INFO HRM System - *****Launching the browser*****
2020-03-24 10:27:11,169 [main] INFO HRM System - *****entering credentials*****
2020-03-24 10:27:11,516 [main] INFO HRM System - *****login process started*****
2020-03-24 10:27:16,797 [main] INFO HRM System - *****navigate to employee adding page*****
2020-03-24 10:27:18,326 [main] INFO HRM System - *****Employee added and saved to database with credentials*****
2020-03-24 10:28:01,031 [main] INFO HRM System - *****Go back to welcome menu*****
2020-03-24 10:28:01,214 [main] INFO HRM System - *****logout process started*****
2020-03-24 10:28:02,088 [main] INFO HRM System - *****driver closed*****
2020-03-24 10:28:09,461 [main] INFO HRM System - *****Launching the browser*****
2020-03-24 10:28:11,511 [main] INFO HRM System - *****entering credentials*****
2020-03-24 10:28:12,623 [main] INFO HRM System - *****login process started*****
2020-03-24 10:28:18,275 [main] INFO HRM System - *****go to employee list*****
2020-03-24 10:28:22,199 [main] INFO HRM System - *****enter employee name to search*****
2020-03-24 10:28:38,569 [main] INFO HRM System - *****welcome menu to searck employee*****
2020-03-24 10:28:38,883 [main] INFO HRM System - *****logout process started*****
2020-03-24 10:28:40,029 [main] INFO HRM System - *****driver closed*****
2020-03-24 10:28:51,151 [main] INFO HRM System - *****Launching the browser*****
2020-03-24 10:28:53,149 [main] INFO HRM System - *****entering credentials*****
2020-03-24 10:28:53,819 [main] INFO HRM System - *****login process started*****
2020-03-24 10:29:00,853 [main] INFO HRM System - *****clicked the welcome menu*****
2020-03-24 10:29:01,187 [main] INFO HRM System - *****logout process started*****
2020-03-24 10:29:02,490 [main] INFO HRM System - *****driver closed*****
2020-03-24 10:29:09,900 [main] INFO HRM System - *****Launching the browser*****
2020-03-24 10:29:12,268 [main] INFO HRM System - *****entering credentials*****
2020-03-24 10:29:12,832 [main] INFO HRM System - *****login process started*****
2020-03-24 10:29:18,553 [main] INFO HRM System - *****clicked the welcome menu*****
2020-03-24 10:29:18,812 [main] INFO HRM System - *****logout process started*****
2020-03-24 10:29:19,780 [main] INFO HRM System - *****driver closed*****
2020-03-24 10:29:27,282 [main] INFO HRM System - *****Launching the browser*****
2020-03-24 10:29:29,462 [main] INFO HRM System - *****entering credentials*****
2020-03-24 10:29:30,437 [main] INFO HRM System - *****login process started*****
2020-03-24 10:29:34,469 [main] INFO HRM System - *****clicked the welcome menu*****
2020-03-24 11:06:42,216 [main] INFO HRM System - *****Launching the browser*****
2020-03-24 11:06:46,169 [main] INFO HRM System - *****entering credentials*****
2020-03-24 11:06:46,802 [main] INFO HRM System - *****login process started*****
2020-03-24 11:06:52,672 [main] INFO HRM System - *****navigate to employee adding page*****
2020-03-24 11:06:54,151 [main] INFO HRM System - *****Employee added and saved to database with credentials*****
2020-03-24 11:07:36,169 [main] INFO HRM System - *****Go back to welcome menu*****
2020-03-24 11:07:36,414 [main] INFO HRM System - *****logout process started*****
2020-03-24 11:07:37,687 [main] INFO HRM System - *****driver closed*****
2020-03-24 11:07:43,569 [main] INFO HRM System - *****Launching the browser*****
2020-03-24 11:07:47,144 [main] INFO HRM System - *****entering credentials*****
2020-03-24 11:07:47,610 [main] INFO HRM System - *****login process started*****
2020-03-24 11:07:53,075 [main] INFO HRM System - *****go to employee list*****
2020-03-24 11:07:54,645 [main] INFO HRM System - *****enter employee name to search*****
2020-03-24 11:08:07,557 [main] INFO HRM System - *****welcome menu to searck employee*****
2020-03-24 11:08:07,736 [main] INFO HRM System - *****logout process started*****
2020-03-24 11:08:08,734 [main] INFO HRM System - *****driver closed*****
2020-03-24 11:09:59,239 [main] INFO HRM System - *****Launching the browser*****
2020-03-24 11:10:02,562 [main] INFO HRM System - *****entering credentials*****
2020-03-24 11:10:02,805 [main] INFO HRM System - *****login process started*****
2020-03-24 11:10:08,771 [main] INFO HRM System - *****navigate to employee adding page*****
2020-03-24 11:10:09,181 [main] INFO HRM System - *****Employee added and saved to database with credentials*****
2020-03-24 11:10:26,511 [main] INFO HRM System - *****Launching the browser*****
2020-03-24 11:10:30,236 [main] INFO HRM System - *****entering credentials*****
2020-03-24 11:10:30,566 [main] INFO HRM System - *****login process started*****
2020-03-24 11:10:36,826 [main] INFO HRM System - *****go to employee list*****
2020-03-24 11:10:37,131 [main] INFO HRM System - *****enter employee name to search*****
2020-03-24 11:20:59,945 [main] INFO HRM System - *****Launching the browser*****
2020-03-24 11:21:04,196 [main] INFO HRM System - *****entering credentials*****
2020-03-24 11:21:05,127 [main] INFO HRM System - *****login process started*****
2020-03-24 11:21:10,392 [main] INFO HRM System - *****navigate to employee adding page*****
2020-03-24 11:21:11,969 [main] INFO HRM System - *****Employee added and saved to database with credentials*****
2020-03-24 11:21:53,114 [main] INFO HRM System - *****Go back to welcome menu*****
2020-03-24 11:21:53,327 [main] INFO HRM System - *****logout process started*****
2020-03-24 11:21:54,352 [main] INFO HRM System - *****driver closed*****
2020-03-24 11:21:59,687 [main] INFO HRM System - *****Launching the browser*****
2020-03-24 11:22:02,663 [main] INFO HRM System - *****entering credentials*****
2020-03-24 11:22:03,746 [main] INFO HRM System - *****login process started*****
2020-03-24 11:22:09,433 [main] INFO HRM System - *****clicked the welcome menu*****
2020-03-24 11:22:09,808 [main] INFO HRM System - *****logout process started*****
2020-03-24 11:22:10,889 [main] INFO HRM System - *****driver closed*****
2020-03-24 11:27:08,858 [main] INFO HRM System - *****Launching the browser*****
2020-03-24 11:27:12,840 [main] INFO HRM System - *****entering credentials*****
2020-03-24 11:27:13,339 [main] INFO HRM System - *****login process started*****
2020-03-24 11:27:18,851 [main] INFO HRM System - *****navigate to employee adding page*****
2020-03-24 11:27:20,728 [main] INFO HRM System - *****Employee added and saved to database with credentials*****
2020-03-24 11:28:20,275 [main] INFO HRM System - *****Launching the browser*****
2020-03-24 11:28:24,283 [main] INFO HRM System - *****entering credentials*****
2020-03-24 11:28:25,192 [main] INFO HRM System - *****login process started*****
2020-03-24 11:28:31,125 [main] INFO HRM System - *****navigate to employee adding page*****
2020-03-24 11:28:33,182 [main] INFO HRM System - *****Employee added and saved to database with credentials*****
2020-03-24 11:29:15,656 [main] INFO HRM System - *****Go back to welcome menu*****
2020-03-24 11:29:15,876 [main] INFO HRM System - *****logout process started*****
2020-03-24 11:29:17,086 [main] INFO HRM System - *****driver closed*****
2020-03-24 11:29:22,870 [main] INFO HRM System - *****Launching the browser*****
2020-03-24 11:29:26,009 [main] INFO HRM System - *****entering credentials*****
2020-03-24 11:29:26,713 [main] INFO HRM System - *****login process started*****
2020-03-24 11:29:32,282 [main] INFO HRM System - *****go to employee list*****
2020-03-24 11:29:34,122 [main] INFO HRM System - *****enter employee name to search*****
2020-03-24 11:29:48,057 [main] INFO HRM System - *****welcome menu to searck employee*****
2020-03-24 11:29:48,569 [main] INFO HRM System - *****logout process started*****
2020-03-24 11:29:49,825 [main] INFO HRM System - *****driver closed*****
2020-03-24 11:29:55,557 [main] INFO HRM System - *****Launching the browser*****
2020-03-24 11:29:59,411 [main] INFO HRM System - *****entering credentials*****
2020-03-24 11:30:00,510 [main] INFO HRM System - *****login process started*****
2020-03-24 11:30:06,470 [main] INFO HRM System - *****clicked the welcome menu*****
2020-03-24 11:30:06,922 [main] INFO HRM System - *****logout process started*****
2020-03-24 11:30:08,553 [main] INFO HRM System - *****driver closed*****
2020-03-24 12:45:47,743 [main] INFO HRM System - *****Launching the browser*****
2020-03-24 12:45:51,018 [main] INFO HRM System - *****entering credentials*****
2020-03-24 12:45:51,671 [main] INFO HRM System - *****login process started*****
2020-03-24 12:45:56,675 [main] INFO HRM System - *****navigate to employee adding page*****
2020-03-24 12:45:57,997 [main] INFO HRM System - *****Employee added and saved to database with credentials*****
2020-03-24 12:46:36,444 [main] INFO HRM System - *****Go back to welcome menu*****
2020-03-24 12:46:36,606 [main] INFO HRM System - *****logout process started*****
2020-03-24 12:46:37,377 [main] INFO HRM System - *****driver closed*****
2020-03-24 12:46:42,243 [main] INFO HRM System - *****Launching the browser*****
2020-03-24 12:46:44,924 [main] INFO HRM System - *****entering credentials*****
2020-03-24 12:46:45,407 [main] INFO HRM System - *****login process started*****
2020-03-24 12:46:51,658 [main] INFO HRM System - *****clicked the welcome menu*****
2020-03-24 12:46:51,798 [main] INFO HRM System - *****logout process started*****
2020-03-24 12:46:52,441 [main] INFO HRM System - *****driver closed*****
2020-03-24 12:52:24,694 [main] INFO HRM System - *****Launching the browser*****
2020-03-24 12:52:28,103 [main] INFO HRM System - *****entering credentials*****
2020-03-24 12:52:28,669 [main] INFO HRM System - *****login process started*****
2020-03-24 12:52:33,773 [main] INFO HRM System - *****navigate to employee adding page*****
2020-03-24 12:52:34,897 [main] INFO HRM System - *****Employee added and saved to database with credentials*****
2020-03-24 12:53:05,407 [main] INFO HRM System - *****Launching the browser*****
2020-03-24 12:53:07,870 [main] INFO HRM System - *****entering credentials*****
2020-03-24 12:53:08,248 [main] INFO HRM System - *****login process started*****
2020-03-24 12:53:13,435 [main] INFO HRM System - *****clicked the welcome menu*****
2020-03-24 18:59:31,944 [main] INFO HRM System - *****Launching the browser*****
2020-03-24 18:59:35,039 [main] INFO HRM System - *****entering credentials*****
2020-03-24 18:59:35,761 [main] INFO HRM System - *****login process started*****
2020-03-24 18:59:40,992 [main] INFO HRM System - *****navigate to employee adding page*****
2020-03-24 18:59:42,452 [main] INFO HRM System - *****Employee added and saved to database with credentials*****
2020-03-24 19:00:01,717 [main] INFO HRM System - *****Launching the browser*****
2020-03-24 19:00:04,413 [main] INFO HRM System - *****entering credentials*****
2020-03-24 19:00:04,799 [main] INFO HRM System - *****login process started*****
2020-03-24 19:00:10,481 [main] INFO HRM System - *****clicked the welcome menu*****
2020-03-24 19:00:10,622 [main] INFO HRM System - *****logout process started*****
2020-03-24 19:00:11,396 [main] INFO HRM System - *****driver closed*****
2020-03-24 19:02:35,583 [main] INFO HRM System - *****Launching the browser*****
2020-03-24 19:02:42,091 [main] INFO HRM System - *****entering credentials*****
2020-03-24 19:02:48,454 [main] INFO HRM System - *****login process started*****
2020-03-24 19:02:53,756 [main] INFO HRM System - *****navigate to employee adding page*****
2020-03-24 19:02:54,837 [main] INFO HRM System - *****Employee added and saved to database with credentials*****
2020-03-24 19:03:29,478 [main] INFO HRM System - *****Launching the browser*****
2020-03-24 19:03:37,187 [main] INFO HRM System - *****entering credentials*****
2020-03-24 19:03:58,312 [main] INFO HRM System - *****login process started*****
2020-03-24 19:04:15,276 [main] INFO HRM System - *****clicked the welcome menu*****
2020-03-24 19:04:26,328 [main] INFO HRM System - *****logout process started*****
2020-03-24 19:08:23,363 [main] INFO HRM System - *****Launching the browser*****
2020-03-24 19:08:26,748 [main] INFO HRM System - *****entering credentials*****
2020-03-24 19:08:27,094 [main] INFO HRM System - *****login process started*****
2020-03-24 19:08:32,329 [main] INFO HRM System - *****navigate to employee adding page*****
2020-03-24 19:08:33,616 [main] INFO HRM System - *****Employee added and saved to database with credentials*****
2020-03-24 19:09:06,187 [main] INFO HRM System - *****Launching the browser*****
2020-03-24 19:09:08,592 [main] INFO HRM System - *****entering credentials*****
2020-03-24 19:09:09,061 [main] INFO HRM System - *****login process started*****
2020-03-24 19:09:14,086 [main] INFO HRM System - *****go to employee list*****
2020-03-24 19:09:15,864 [main] INFO HRM System - *****enter employee name to search*****
2020-03-24 19:10:38,766 [main] INFO HRM System - *****Launching the browser*****
2020-03-24 19:10:41,682 [main] INFO HRM System - *****entering credentials*****
2020-03-24 19:10:42,107 [main] INFO HRM System - *****login process started*****
2020-03-24 19:10:47,043 [main] INFO HRM System - *****navigate to employee adding page*****
2020-03-24 19:10:48,411 [main] INFO HRM System - *****Employee added and saved to database with credentials*****
2020-03-24 19:11:16,628 [main] INFO HRM System - *****Launching the browser*****
2020-03-24 19:14:21,551 [main] INFO HRM System - *****Launching the browser*****
2020-03-24 19:14:24,550 [main] INFO HRM System - *****entering credentials*****
2020-03-24 19:14:25,028 [main] INFO HRM System - *****login process started*****
2020-03-24 19:14:30,082 [main] INFO HRM System - *****navigate to employee adding page*****
2020-03-24 19:14:31,206 [main] INFO HRM System - *****Employee added and saved to database with credentials*****
2020-03-24 19:15:00,922 [main] INFO HRM System - *****Launching the browser*****
2020-03-24 19:15:03,318 [main] INFO HRM System - *****entering credentials*****
2020-03-24 19:15:03,742 [main] INFO HRM System - *****login process started*****
2020-03-24 19:15:08,223 [main] INFO HRM System - *****go to employee list*****
2020-03-24 19:15:37,975 [main] INFO HRM System - *****Launching the browser*****
2020-03-24 19:15:40,719 [main] INFO HRM System - *****entering credentials*****
2020-03-24 19:15:41,500 [main] INFO HRM System - *****login process started*****
2020-03-24 19:15:46,874 [main] INFO HRM System - *****navigate to employee adding page*****
2020-03-24 19:15:48,223 [main] INFO HRM System - *****Employee added and saved to database with credentials*****
2020-03-24 19:16:24,713 [main] INFO HRM System - *****Launching the browser*****
2020-03-24 19:16:33,479 [main] INFO HRM System - *****Launching the browser*****
2020-03-24 19:16:36,748 [main] INFO HRM System - *****entering credentials*****
2020-03-24 19:16:37,040 [main] INFO HRM System - *****login process started*****
2020-03-24 19:16:42,211 [main] INFO HRM System - *****navigate to employee adding page*****
2020-03-24 19:16:43,461 [main] INFO HRM System - *****Employee added and saved to database with credentials*****
2020-03-24 19:17:24,754 [main] INFO HRM System - *****Go back to welcome menu*****
2020-03-24 19:17:24,907 [main] INFO HRM System - *****logout process started*****
2020-03-24 19:17:25,675 [main] INFO HRM System - *****driver closed*****
2020-03-24 19:17:30,408 [main] INFO HRM System - *****Launching the browser*****
2020-03-24 19:17:32,874 [main] INFO HRM System - *****entering credentials*****
2020-03-24 19:17:33,270 [main] INFO HRM System - *****login process started*****
2020-03-24 19:17:38,171 [main] INFO HRM System - *****go to employee list*****
2020-03-24 19:17:39,524 [main] INFO HRM System - *****enter employee name to search*****
2020-03-24 19:17:51,544 [main] INFO HRM System - *****welcome menu to searck employee*****
2020-03-24 19:17:51,678 [main] INFO HRM System - *****logout process started*****
2020-03-24 19:17:52,443 [main] INFO HRM System - *****driver closed*****
2020-03-24 19:19:16,868 [main] INFO HRM System - *****Launching the browser*****
2020-03-24 19:19:23,353 [main] INFO HRM System - *****entering credentials*****
2020-03-24 19:19:28,433 [main] INFO HRM System - *****login process started*****
2020-03-24 19:19:33,850 [main] INFO HRM System - *****navigate to employee adding page*****
2020-03-24 19:19:34,933 [main] INFO HRM System - *****Employee added and saved to database with credentials*****
2020-03-24 19:20:15,480 [main] INFO HRM System - *****Go back to welcome menu*****
2020-03-24 19:20:15,595 [main] INFO HRM System - *****logout process started*****
2020-03-24 19:20:16,364 [main] INFO HRM System - *****driver closed*****
2020-03-24 19:20:20,617 [main] INFO HRM System - *****Launching the browser*****
2020-03-24 19:20:22,982 [main] INFO HRM System - *****entering credentials*****
2020-03-24 19:20:23,175 [main] INFO HRM System - *****login process started*****
2020-03-24 19:20:28,053 [main] INFO HRM System - *****go to employee list*****
2020-03-24 19:20:29,238 [main] INFO HRM System - *****enter employee name to search*****
2020-03-24 19:20:40,862 [main] INFO HRM System - *****welcome menu to searck employee*****
2020-03-24 19:20:40,953 [main] INFO HRM System - *****logout process started*****
2020-03-24 19:20:41,594 [main] INFO HRM System - *****driver closed*****
2020-03-24 20:28:44,230 [main] INFO HRM System - *****Launching the browser*****
2020-03-24 20:28:52,625 [main] INFO HRM System - *****entering credentials*****
2020-03-24 20:29:12,176 [main] INFO HRM System - *****login process started*****
2020-03-24 20:29:17,570 [main] INFO HRM System - *****navigate to employee adding page*****
2020-03-24 20:29:20,027 [main] INFO HRM System - *****Employee added and saved to database with credentials*****
2020-03-24 20:30:02,210 [main] INFO HRM System - *****Go back to welcome menu*****
2020-03-24 20:30:02,313 [main] INFO HRM System - *****logout process started*****
2020-03-24 20:30:03,250 [main] INFO HRM System - *****driver closed*****
2020-03-24 20:30:09,049 [main] INFO HRM System - *****Launching the browser*****
2020-03-24 20:30:15,518 [main] INFO HRM System - *****entering credentials*****
2020-03-24 20:30:23,037 [main] INFO HRM System - *****login process started*****
2020-03-24 20:30:29,571 [main] INFO HRM System - *****go to employee list*****
2020-03-24 20:30:31,625 [main] INFO HRM System - *****enter employee name to search*****
2020-03-24 20:30:43,895 [main] INFO HRM System - *****welcome menu to searck employee*****
2020-03-24 20:30:43,985 [main] INFO HRM System - *****logout process started*****
2020-03-24 20:30:44,753 [main] INFO HRM System - *****driver closed*****
2020-03-24 20:48:00,078 [main] INFO HRM System - *****Launching the browser*****
2020-03-24 20:48:08,086 [main] INFO HRM System - *****entering credentials*****
2020-03-24 20:48:33,322 [main] INFO HRM System - *****login process started*****
2020-03-24 20:48:50,600 [main] INFO HRM System - *****go to employee list*****
2020-03-24 20:49:06,941 [main] INFO HRM System - *****enter employee name to search*****
2020-03-24 21:04:18,930 [main] INFO HRM System - *****Launching the browser*****
2020-03-24 21:04:21,769 [main] INFO HRM System - *****entering credentials*****
2020-03-24 21:04:22,072 [main] INFO HRM System - *****login process started*****
2020-03-24 21:04:27,106 [main] INFO HRM System - *****navigate to employee adding page*****
2020-03-24 21:04:28,358 [main] INFO HRM System - *****Employee added and saved to database with credentials*****
2020-03-25 09:47:00,165 [main] INFO HRM System - *****Launching the browser*****
2020-03-25 09:47:04,577 [main] INFO HRM System - *****entering credentials*****
2020-03-25 09:47:04,848 [main] INFO HRM System - *****login process started*****
2020-03-25 09:47:10,008 [main] INFO HRM System - *****navigate to employee adding page*****
2020-03-25 09:47:11,023 [main] INFO HRM System - *****Employee added and saved to database with credentials*****
2020-03-25 09:47:46,989 [main] INFO HRM System - *****Launching the browser*****
2020-03-25 09:47:52,486 [main] INFO HRM System - *****entering credentials*****
2020-03-25 09:48:10,525 [main] INFO HRM System - *****login process started*****
2020-03-25 09:48:27,217 [main] INFO HRM System - *****go to employee list*****
2020-03-25 09:48:42,999 [main] INFO HRM System - *****enter employee name to search*****
2020-03-25 09:58:19,289 [main] INFO HRM System - *****Launching the browser*****
2020-03-25 09:58:23,137 [main] INFO HRM System - *****entering credentials*****
2020-03-25 09:58:23,477 [main] INFO HRM System - *****login process started*****
2020-03-25 10:06:34,441 [main] INFO HRM System - *****Launching the browser*****
2020-03-25 10:06:38,214 [main] INFO HRM System - *****entering credentials*****
2020-03-25 10:06:38,491 [main] INFO HRM System - *****login process started*****
2020-03-25 10:06:43,556 [main] INFO HRM System - *****Go back to welcome menu*****
2020-03-25 10:07:26,139 [main] INFO HRM System - *****Launching the browser*****
2020-03-25 10:07:28,957 [main] INFO HRM System - *****entering credentials*****
2020-03-25 10:07:29,356 [main] INFO HRM System - *****login process started*****
2020-03-25 10:07:33,556 [main] INFO HRM System - *****Go back to welcome menu*****
2020-03-25 10:07:51,641 [main] INFO HRM System - *****Launching the browser*****
2020-03-25 10:07:54,963 [main] INFO HRM System - *****entering credentials*****
2020-03-25 10:07:55,282 [main] INFO HRM System - *****login process started*****
2020-03-25 10:08:00,502 [main] INFO HRM System - *****Go back to welcome menu*****
2020-03-25 10:09:39,189 [main] INFO HRM System - *****Launching the browser*****
2020-03-25 10:09:42,262 [main] INFO HRM System - *****entering credentials*****
2020-03-25 10:09:42,622 [main] INFO HRM System - *****login process started*****
2020-03-25 10:29:16,309 [main] INFO HRM System - *****Launching the browser*****
2020-03-25 10:29:19,220 [main] INFO HRM System - *****entering credentials*****
2020-03-25 10:29:19,753 [main] INFO HRM System - *****login process started*****
2020-03-25 10:31:19,993 [main] INFO HRM System - *****Launching the browser*****
2020-03-25 10:31:23,193 [main] INFO HRM System - *****entering credentials*****
2020-03-25 10:31:23,619 [main] INFO HRM System - *****login process started*****
2020-03-25 10:31:28,613 [main] INFO HRM System - *****Go back to welcome menu*****
